<?xml version="1.0" encoding="UTF-8"?>
<!-- Generated by org.testng.reporters.JUnitReportReporter -->
<testsuite skipped="0" hostname="DESKTOP-D26R0D6" name="Day2spicejet" tests="1" failures="0" timestamp="24 Nov 2020 12:29:36 GMT" time="31.473" errors="0">
  <testcase name="test" time="31.473" classname="Day2spicejet"/>
</testsuite> <!-- Day2spicejet -->
