<?xml version="1.0" encoding="UTF-8"?>
<!-- Generated by org.testng.reporters.JUnitReportReporter -->
<testsuite skipped="0" hostname="Gupta" name="test.day2" tests="1" failures="0" timestamp="20 Dec 2020 15:25:39 GMT" time="0.005" errors="0">
  <testcase name="ploan" time="0.005" classname="test.day2"/>
</testsuite> <!-- test.day2 -->
