<?xml version="1.0" encoding="UTF-8"?>
<!-- Generated by org.testng.reporters.JUnitReportReporter -->
<testsuite skipped="0" hostname="Gupta" name="Academy.validateNavigationBar" tests="1" failures="0" timestamp="2020-12-21T08:08:35 MST" time="0.106" errors="0">
  <testcase name="validateAppNavBar" time="0.106" classname="Academy.validateNavigationBar"/>
  <system-out/>
</testsuite> <!-- Academy.validateNavigationBar -->
