<?xml version="1.0" encoding="UTF-8"?>
<!-- Generated by org.testng.reporters.JUnitReportReporter -->
<testsuite skipped="0" hostname="Gupta" name="Academy.HomePage" tests="2" failures="0" timestamp="2020-12-21T08:08:35 MST" time="17.893" errors="0">
  <testcase name="basePageNavigation" time="14.179" classname="Academy.HomePage"/>
  <system-out/>
  <testcase name="basePageNavigation" time="3.714" classname="Academy.HomePage"/>
  <system-out/>
</testsuite> <!-- Academy.HomePage -->
