<?xml version="1.0" encoding="UTF-8"?>
<!-- Generated by org.testng.reporters.JUnitReportReporter -->
<testsuite skipped="0" hostname="DESKTOP-D26R0D6" name="Vtestingpk.Vtesting4" tests="1" failures="0" timestamp="20 Nov 2020 10:06:39 GMT" time="0.000" errors="0">
  <testcase name="smoke" time="0.000" classname="Vtestingpk.Vtesting4"/>
</testsuite> <!-- Vtestingpk.Vtesting4 -->
