<?xml version="1.0" encoding="UTF-8"?>
<!-- Generated by org.testng.reporters.JUnitReportReporter -->
<testsuite name="Vtestingpk.Vtesting2" tests="2" time="0.014" ignored="0" failures="0" timestamp="17 Nov 2020 05:19:26 GMT" skipped="0" hostname="Nikhils-MacBook-Air.local" errors="0">
  <testcase name="HomeLoan" time="0.011" classname="Vtestingpk.Vtesting2"/>
  <testcase name="mobileLoan" time="0.003" classname="Vtestingpk.Vtesting2"/>
</testsuite> <!-- Vtestingpk.Vtesting2 -->
