<?xml version="1.0" encoding="UTF-8"?>
<!-- Generated by org.testng.reporters.JUnitReportReporter -->
<testsuite skipped="0" hostname="Gupta" name="Academy.validateNavigationBar" tests="1" failures="0" timestamp="21 Dec 2020 15:14:39 GMT" time="0.240" errors="0">
  <testcase name="validateAppNavBar" time="0.240" classname="Academy.validateNavigationBar"/>
</testsuite> <!-- Academy.validateNavigationBar -->
