<?xml version="1.0" encoding="UTF-8"?>
<!-- Generated by org.testng.reporters.JUnitReportReporter -->
<testsuite skipped="0" hostname="Gupta" name="Academy.HomePage" tests="2" failures="0" timestamp="21 Dec 2020 15:14:39 GMT" time="9.394" errors="0">
  <testcase name="basePageNavigation" time="3.267" classname="Academy.HomePage"/>
  <testcase name="basePageNavigation" time="6.127" classname="Academy.HomePage"/>
</testsuite> <!-- Academy.HomePage -->
