<?xml version="1.0" encoding="UTF-8"?>
<!-- Generated by org.testng.reporters.JUnitReportReporter -->
<testsuite skipped="0" hostname="Gupta" name="qaclickacademy.mavenproject.AppiumTest" tests="1" failures="0" timestamp="2020-12-20T07:12:20 MST" time="0.009" errors="0">
  <testcase name="firstTest" time="0.009" classname="qaclickacademy.mavenproject.AppiumTest"/>
  <system-out/>
</testsuite> <!-- qaclickacademy.mavenproject.AppiumTest -->
